0 verbose cli /Users/mr.dzh/.nvm/versions/node/v22.17.0/bin/node /Users/mr.dzh/.nvm/versions/node/v22.17.0/bin/npm
1 info using npm@11.6.2
2 info using node@v22.17.0
3 silly config load:file:/Users/mr.dzh/.nvm/versions/node/v22.17.0/lib/node_modules/npm/npmrc
4 silly config load:file:/private/var/folders/3w/6ts76qf539d3q7r68hfxdmqh0000gn/T/.create-expo-app/template-cache/.npmrc
5 silly config load:file:/Users/mr.dzh/.npmrc
6 silly config load:file:/Users/mr.dzh/.nvm/versions/node/v22.17.0/etc/npmrc
7 verbose title npm pack expo-template-default@latest
8 verbose argv "pack" "expo-template-default@latest" "--json"
9 verbose logfile logs-max:10 dir:/Users/mr.dzh/Documents/RAT/.npm-cache/_logs/2025-11-16T16_12_48_851Z-
10 verbose logfile /Users/mr.dzh/Documents/RAT/.npm-cache/_logs/2025-11-16T16_12_48_851Z-debug-0.log
11 silly logfile done cleaning log files
12 http cache https://registry.npmjs.org/expo-template-default 6ms (cache hit)
13 http cache https://registry.npmjs.org/expo-template-default 2ms (cache hit)
14 http cache https://registry.npmjs.org/expo-template-default/-/expo-template-default-54.0.48.tgz 0ms (cache hit)
15 verbose cwd /private/var/folders/3w/6ts76qf539d3q7r68hfxdmqh0000gn/T/.create-expo-app/template-cache
16 verbose os Darwin 24.5.0
17 verbose node v22.17.0
18 verbose npm  v11.6.2
19 verbose exit 0
20 info ok
