0 verbose cli /Users/mr.dzh/.nvm/versions/node/v22.17.0/bin/node /Users/mr.dzh/.nvm/versions/node/v22.17.0/lib/node_modules/npm/bin/npm-cli.js
1 info using npm@11.6.2
2 info using node@v22.17.0
3 silly config load:file:/Users/mr.dzh/.nvm/versions/node/v22.17.0/lib/node_modules/npm/npmrc
4 silly config load:file:/Users/mr.dzh/Documents/RAT/.npmrc
5 silly config load:file:/Users/mr.dzh/.npmrc
6 silly config load:file:/Users/mr.dzh/.nvm/versions/node/v22.17.0/etc/npmrc
7 verbose title npm exec expo install expo-location expo-task-manager expo-device
8 verbose argv "exec" "--" "expo" "install" "expo-location" "expo-task-manager" "expo-device"
9 verbose logfile logs-max:10 dir:/Users/mr.dzh/Documents/RAT/.npm-cache/_logs/2025-11-16T17_53_53_564Z-
10 verbose logfile /Users/mr.dzh/Documents/RAT/.npm-cache/_logs/2025-11-16T17_53_53_564Z-debug-0.log
11 silly logfile done cleaning log files
12 silly packumentCache heap:4345298944 maxSize:1086324736 maxEntrySize:543162368
13 http fetch GET 200 https://registry.npmjs.org/expo 300ms (cache revalidated)
14 silly packumentCache heap:4345298944 maxSize:1086324736 maxEntrySize:543162368
15 silly packumentCache heap:4345298944 maxSize:1086324736 maxEntrySize:543162368
16 verbose cwd /Users/mr.dzh/Documents/RAT
17 verbose os Darwin 24.5.0
18 verbose node v22.17.0
19 verbose npm  v11.6.2
20 verbose exit 1
21 verbose code 1
