0 verbose cli /Users/mr.dzh/.nvm/versions/node/v22.17.0/bin/node /Users/mr.dzh/.nvm/versions/node/v22.17.0/lib/node_modules/npm/bin/npm-cli.js
1 info using npm@11.6.2
2 info using node@v22.17.0
3 silly config load:file:/Users/mr.dzh/.nvm/versions/node/v22.17.0/lib/node_modules/npm/npmrc
4 silly config load:file:/Users/mr.dzh/Documents/RAT/dashboard/.npmrc
5 silly config load:file:/Users/mr.dzh/.npmrc
6 silly config load:file:/Users/mr.dzh/.nvm/versions/node/v22.17.0/etc/npmrc
7 verbose title npm exec serve -s .
8 verbose argv "exec" "--" "serve" "-s" "."
9 verbose logfile logs-max:10 dir:/Users/mr.dzh/Documents/RAT/dashboard/.npm-cache/_logs/2025-11-16T16_28_02_242Z-
10 verbose logfile /Users/mr.dzh/Documents/RAT/dashboard/.npm-cache/_logs/2025-11-16T16_28_02_242Z-debug-0.log
11 silly logfile done cleaning log files
12 silly packumentCache heap:4345298944 maxSize:1086324736 maxEntrySize:543162368
13 http fetch GET 200 https://registry.npmjs.org/serve 134ms (cache miss)
14 silly packumentCache heap:4345298944 maxSize:1086324736 maxEntrySize:543162368
15 silly packumentCache heap:4345298944 maxSize:1086324736 maxEntrySize:543162368
16 silly idealTree buildDeps
17 silly fetch manifest serve@14.2.5
18 silly packumentCache full:https://registry.npmjs.org/serve cache-miss
19 http fetch GET 200 https://registry.npmjs.org/serve 189ms (cache miss)
20 silly packumentCache full:https://registry.npmjs.org/serve set size:undefined disposed:false
21 silly placeDep ROOT serve@14.2.5 OK for:  want: 14.2.5
22 silly fetch manifest ajv@8.12.0
23 silly packumentCache full:https://registry.npmjs.org/ajv cache-miss
24 silly fetch manifest arg@5.0.2
25 silly packumentCache full:https://registry.npmjs.org/arg cache-miss
26 silly fetch manifest boxen@7.0.0
27 silly packumentCache full:https://registry.npmjs.org/boxen cache-miss
28 silly fetch manifest chalk@5.0.1
29 silly packumentCache full:https://registry.npmjs.org/chalk cache-miss
30 silly fetch manifest clipboardy@3.0.0
31 silly packumentCache full:https://registry.npmjs.org/clipboardy cache-miss
32 silly fetch manifest compression@1.8.1
33 silly packumentCache full:https://registry.npmjs.org/compression cache-miss
34 silly fetch manifest update-check@1.5.4
35 silly packumentCache full:https://registry.npmjs.org/update-check cache-miss
36 silly fetch manifest @zeit/schemas@2.36.0
37 silly packumentCache full:https://registry.npmjs.org/@zeit%2fschemas cache-miss
38 silly fetch manifest serve-handler@6.1.6
39 silly packumentCache full:https://registry.npmjs.org/serve-handler cache-miss
40 http fetch GET 200 https://registry.npmjs.org/ajv 71ms (cache miss)
41 silly packumentCache full:https://registry.npmjs.org/ajv set size:undefined disposed:false
42 silly fetch manifest chalk-template@0.4.0
43 silly packumentCache full:https://registry.npmjs.org/chalk-template cache-miss
44 http fetch GET 200 https://registry.npmjs.org/chalk 185ms (cache miss)
45 silly packumentCache full:https://registry.npmjs.org/chalk set size:undefined disposed:false
46 silly fetch manifest is-port-reachable@4.0.0
47 silly packumentCache full:https://registry.npmjs.org/is-port-reachable cache-miss
48 http fetch GET 200 https://registry.npmjs.org/clipboardy 212ms (cache miss)
49 silly packumentCache full:https://registry.npmjs.org/clipboardy set size:undefined disposed:false
50 http fetch GET 200 https://registry.npmjs.org/boxen 223ms (cache miss)
51 silly packumentCache full:https://registry.npmjs.org/boxen set size:undefined disposed:false
52 http fetch GET 200 https://registry.npmjs.org/compression 234ms (cache miss)
53 silly packumentCache full:https://registry.npmjs.org/compression set size:undefined disposed:false
54 http fetch GET 200 https://registry.npmjs.org/chalk-template 164ms (cache miss)
55 silly packumentCache full:https://registry.npmjs.org/chalk-template set size:undefined disposed:false
56 http fetch GET 200 https://registry.npmjs.org/update-check 255ms (cache miss)
57 silly packumentCache full:https://registry.npmjs.org/update-check set size:undefined disposed:false
58 http fetch GET 200 https://registry.npmjs.org/serve-handler 382ms (cache miss)
59 silly packumentCache full:https://registry.npmjs.org/serve-handler set size:undefined disposed:false
60 http fetch GET 200 https://registry.npmjs.org/is-port-reachable 298ms (cache miss)
61 silly packumentCache full:https://registry.npmjs.org/is-port-reachable set size:undefined disposed:false
62 http fetch GET 200 https://registry.npmjs.org/@zeit%2fschemas 832ms (cache miss)
63 silly packumentCache full:https://registry.npmjs.org/@zeit%2fschemas set size:undefined disposed:false
64 http fetch GET 200 https://registry.npmjs.org/arg 1698ms (cache miss)
65 silly packumentCache full:https://registry.npmjs.org/arg set size:undefined disposed:false
66 silly placeDep ROOT @zeit/schemas@2.36.0 OK for: serve@14.2.5 want: 2.36.0
67 silly placeDep ROOT ajv@8.12.0 OK for: serve@14.2.5 want: 8.12.0
68 silly placeDep ROOT arg@5.0.2 OK for: serve@14.2.5 want: 5.0.2
69 silly placeDep ROOT boxen@7.0.0 OK for: serve@14.2.5 want: 7.0.0
70 silly placeDep ROOT chalk@5.0.1 OK for: serve@14.2.5 want: 5.0.1
71 silly placeDep ROOT chalk-template@0.4.0 OK for: serve@14.2.5 want: 0.4.0
72 silly placeDep ROOT clipboardy@3.0.0 OK for: serve@14.2.5 want: 3.0.0
73 silly placeDep ROOT compression@1.8.1 OK for: serve@14.2.5 want: 1.8.1
74 silly placeDep ROOT is-port-reachable@4.0.0 OK for: serve@14.2.5 want: 4.0.0
75 silly placeDep ROOT serve-handler@6.1.6 OK for: serve@14.2.5 want: 6.1.6
76 silly placeDep ROOT update-check@1.5.4 OK for: serve@14.2.5 want: 1.5.4
77 silly fetch manifest uri-js@^4.2.2
78 silly packumentCache full:https://registry.npmjs.org/uri-js cache-miss
79 silly fetch manifest fast-deep-equal@^3.1.1
80 silly packumentCache full:https://registry.npmjs.org/fast-deep-equal cache-miss
81 silly fetch manifest require-from-string@^2.0.2
82 silly packumentCache full:https://registry.npmjs.org/require-from-string cache-miss
83 silly fetch manifest json-schema-traverse@^1.0.0
84 silly packumentCache full:https://registry.npmjs.org/json-schema-traverse cache-miss
85 silly fetch manifest chalk@^5.0.1
86 silly packumentCache full:https://registry.npmjs.org/chalk cache-miss
87 silly fetch manifest camelcase@^7.0.0
88 silly packumentCache full:https://registry.npmjs.org/camelcase cache-miss
89 silly fetch manifest cli-boxes@^3.0.0
90 silly packumentCache full:https://registry.npmjs.org/cli-boxes cache-miss
91 silly fetch manifest type-fest@^2.13.0
92 silly packumentCache full:https://registry.npmjs.org/type-fest cache-miss
93 silly fetch manifest wrap-ansi@^8.0.1
94 silly packumentCache full:https://registry.npmjs.org/wrap-ansi cache-miss
95 http cache https://registry.npmjs.org/chalk 5ms (cache hit)
96 silly packumentCache full:https://registry.npmjs.org/chalk set size:117861 disposed:false
97 silly fetch manifest ansi-align@^3.0.1
98 silly packumentCache full:https://registry.npmjs.org/ansi-align cache-miss
99 http fetch GET 200 https://registry.npmjs.org/require-from-string 33ms (cache miss)
100 silly packumentCache full:https://registry.npmjs.org/require-from-string set size:undefined disposed:false
101 silly fetch manifest widest-line@^4.0.1
102 silly packumentCache full:https://registry.npmjs.org/widest-line cache-miss
103 http fetch GET 200 https://registry.npmjs.org/json-schema-traverse 44ms (cache miss)
104 silly packumentCache full:https://registry.npmjs.org/json-schema-traverse set size:undefined disposed:false
105 silly fetch manifest string-width@^5.1.2
106 silly packumentCache full:https://registry.npmjs.org/string-width cache-miss
107 http fetch GET 200 https://registry.npmjs.org/wrap-ansi 45ms (cache miss)
108 silly packumentCache full:https://registry.npmjs.org/wrap-ansi set size:undefined disposed:false
109 silly fetch manifest chalk@^4.1.2
110 silly packumentCache full:https://registry.npmjs.org/chalk cache-hit
111 silly fetch manifest arch@^2.2.0
112 silly packumentCache full:https://registry.npmjs.org/arch cache-miss
113 http fetch GET 200 https://registry.npmjs.org/camelcase 52ms (cache miss)
114 silly packumentCache full:https://registry.npmjs.org/camelcase set size:undefined disposed:false
115 silly fetch manifest execa@^5.1.1
116 silly packumentCache full:https://registry.npmjs.org/execa cache-miss
117 http fetch GET 200 https://registry.npmjs.org/string-width 29ms (cache miss)
118 silly packumentCache full:https://registry.npmjs.org/string-width set size:undefined disposed:false
119 silly fetch manifest is-wsl@^2.2.0
120 silly packumentCache full:https://registry.npmjs.org/is-wsl cache-miss
121 http fetch GET 200 https://registry.npmjs.org/execa 33ms (cache miss)
122 silly packumentCache full:https://registry.npmjs.org/execa set size:undefined disposed:false
123 silly fetch manifest bytes@3.1.2
124 silly packumentCache full:https://registry.npmjs.org/bytes cache-miss
125 http fetch GET 200 https://registry.npmjs.org/type-fest 94ms (cache miss)
126 silly packumentCache full:https://registry.npmjs.org/type-fest set size:undefined disposed:false
127 silly fetch manifest compressible@~2.0.18
128 silly packumentCache full:https://registry.npmjs.org/compressible cache-miss
129 http fetch GET 200 https://registry.npmjs.org/bytes 41ms (cache miss)
130 silly packumentCache full:https://registry.npmjs.org/bytes set size:undefined disposed:false
131 silly fetch manifest debug@2.6.9
132 silly packumentCache full:https://registry.npmjs.org/debug cache-miss
133 http fetch GET 200 https://registry.npmjs.org/cli-boxes 147ms (cache miss)
134 silly packumentCache full:https://registry.npmjs.org/cli-boxes set size:undefined disposed:false
135 silly fetch manifest negotiator@~0.6.4
136 silly packumentCache full:https://registry.npmjs.org/negotiator cache-miss
137 http fetch GET 200 https://registry.npmjs.org/uri-js 154ms (cache miss)
138 silly packumentCache full:https://registry.npmjs.org/uri-js set size:undefined disposed:false
139 silly fetch manifest on-headers@~1.1.0
140 silly packumentCache full:https://registry.npmjs.org/on-headers cache-miss
141 http fetch GET 200 https://registry.npmjs.org/debug 38ms (cache miss)
142 silly packumentCache full:https://registry.npmjs.org/debug set size:undefined disposed:false
143 silly fetch manifest safe-buffer@5.2.1
144 silly packumentCache full:https://registry.npmjs.org/safe-buffer cache-miss
145 http fetch GET 200 https://registry.npmjs.org/negotiator 36ms (cache miss)
146 silly packumentCache full:https://registry.npmjs.org/negotiator set size:undefined disposed:false
147 silly fetch manifest vary@~1.1.2
148 silly packumentCache full:https://registry.npmjs.org/vary cache-miss
149 http fetch GET 200 https://registry.npmjs.org/widest-line 166ms (cache miss)
150 silly packumentCache full:https://registry.npmjs.org/widest-line set size:undefined disposed:false
151 silly fetch manifest bytes@3.0.0
152 silly packumentCache full:https://registry.npmjs.org/bytes cache-miss
153 http cache https://registry.npmjs.org/bytes 1ms (cache hit)
154 silly packumentCache full:https://registry.npmjs.org/bytes set size:37018 disposed:false
155 silly fetch manifest minimatch@3.1.2
156 silly packumentCache full:https://registry.npmjs.org/minimatch cache-miss
157 http fetch GET 200 https://registry.npmjs.org/safe-buffer 38ms (cache miss)
158 silly packumentCache full:https://registry.npmjs.org/safe-buffer set size:undefined disposed:false
159 silly fetch manifest mime-types@2.1.18
160 silly packumentCache full:https://registry.npmjs.org/mime-types cache-miss
161 http fetch GET 200 https://registry.npmjs.org/vary 40ms (cache miss)
162 silly packumentCache full:https://registry.npmjs.org/vary set size:undefined disposed:false
163 silly fetch manifest range-parser@1.2.0
164 silly packumentCache full:https://registry.npmjs.org/range-parser cache-miss
165 http fetch GET 200 https://registry.npmjs.org/minimatch 40ms (cache miss)
166 silly packumentCache full:https://registry.npmjs.org/minimatch set size:undefined disposed:false
167 silly fetch manifest path-is-inside@1.0.2
168 silly packumentCache full:https://registry.npmjs.org/path-is-inside cache-miss
169 http fetch GET 200 https://registry.npmjs.org/is-wsl 185ms (cache miss)
170 silly packumentCache full:https://registry.npmjs.org/is-wsl set size:undefined disposed:false
171 silly fetch manifest path-to-regexp@3.3.0
172 silly packumentCache full:https://registry.npmjs.org/path-to-regexp cache-miss
173 http fetch GET 200 https://registry.npmjs.org/range-parser 41ms (cache miss)
174 silly packumentCache full:https://registry.npmjs.org/range-parser set size:undefined disposed:false
175 silly fetch manifest content-disposition@0.5.2
176 silly packumentCache full:https://registry.npmjs.org/content-disposition cache-miss
177 http fetch GET 200 https://registry.npmjs.org/compressible 172ms (cache miss)
178 silly packumentCache full:https://registry.npmjs.org/compressible set size:undefined disposed:false
179 silly fetch manifest registry-auth-token@3.3.2
180 silly packumentCache full:https://registry.npmjs.org/registry-auth-token cache-miss
181 http fetch GET 200 https://registry.npmjs.org/content-disposition 27ms (cache miss)
182 silly packumentCache full:https://registry.npmjs.org/content-disposition set size:undefined disposed:false
183 silly fetch manifest registry-url@3.1.0
184 silly packumentCache full:https://registry.npmjs.org/registry-url cache-miss
185 http fetch GET 200 https://registry.npmjs.org/path-to-regexp 49ms (cache miss)
186 silly packumentCache full:https://registry.npmjs.org/path-to-regexp set size:undefined disposed:false
187 http fetch GET 200 https://registry.npmjs.org/ansi-align 328ms (cache miss)
188 silly packumentCache full:https://registry.npmjs.org/ansi-align set size:undefined disposed:false
189 http fetch GET 200 https://registry.npmjs.org/fast-deep-equal 343ms (cache miss)
190 silly packumentCache full:https://registry.npmjs.org/fast-deep-equal set size:undefined disposed:false
191 http fetch GET 200 https://registry.npmjs.org/mime-types 166ms (cache miss)
192 silly packumentCache full:https://registry.npmjs.org/mime-types set size:undefined disposed:false
193 http fetch GET 200 https://registry.npmjs.org/arch 339ms (cache miss)
194 silly packumentCache full:https://registry.npmjs.org/arch set size:undefined disposed:false
195 http fetch GET 200 https://registry.npmjs.org/path-is-inside 180ms (cache miss)
196 silly packumentCache full:https://registry.npmjs.org/path-is-inside set size:undefined disposed:false
197 http fetch GET 200 https://registry.npmjs.org/on-headers 359ms (cache miss)
198 silly packumentCache full:https://registry.npmjs.org/on-headers set size:undefined disposed:false
199 http fetch GET 200 https://registry.npmjs.org/registry-url 352ms (cache miss)
200 silly packumentCache full:https://registry.npmjs.org/registry-url set size:undefined disposed:false
201 http fetch GET 200 https://registry.npmjs.org/registry-auth-token 387ms (cache miss)
202 silly packumentCache full:https://registry.npmjs.org/registry-auth-token set size:undefined disposed:false
203 silly placeDep ROOT fast-deep-equal@3.1.3 OK for: ajv@8.12.0 want: ^3.1.1
204 silly placeDep ROOT json-schema-traverse@1.0.0 OK for: ajv@8.12.0 want: ^1.0.0
205 silly placeDep ROOT require-from-string@2.0.2 OK for: ajv@8.12.0 want: ^2.0.2
206 silly placeDep ROOT uri-js@4.4.1 OK for: ajv@8.12.0 want: ^4.2.2
207 silly fetch manifest punycode@^2.1.0
208 silly packumentCache full:https://registry.npmjs.org/punycode cache-miss
209 http fetch GET 200 https://registry.npmjs.org/punycode 144ms (cache miss)
210 silly packumentCache full:https://registry.npmjs.org/punycode set size:undefined disposed:false
211 silly placeDep ROOT ansi-align@3.0.1 OK for: boxen@7.0.0 want: ^3.0.1
212 silly placeDep ROOT camelcase@7.0.1 OK for: boxen@7.0.0 want: ^7.0.0
213 silly placeDep ROOT cli-boxes@3.0.0 OK for: boxen@7.0.0 want: ^3.0.0
214 silly placeDep ROOT string-width@5.1.2 OK for: boxen@7.0.0 want: ^5.1.2
215 silly placeDep ROOT type-fest@2.19.0 OK for: boxen@7.0.0 want: ^2.13.0
216 silly placeDep ROOT widest-line@4.0.1 OK for: boxen@7.0.0 want: ^4.0.1
217 silly placeDep ROOT wrap-ansi@8.1.0 OK for: boxen@7.0.0 want: ^8.0.1
218 silly fetch manifest string-width@^4.1.0
219 silly packumentCache full:https://registry.npmjs.org/string-width cache-miss
220 silly fetch manifest strip-ansi@^7.0.1
221 silly packumentCache full:https://registry.npmjs.org/strip-ansi cache-miss
222 silly fetch manifest emoji-regex@^9.2.2
223 silly packumentCache full:https://registry.npmjs.org/emoji-regex cache-miss
224 silly fetch manifest eastasianwidth@^0.2.0
225 silly packumentCache full:https://registry.npmjs.org/eastasianwidth cache-miss
226 silly fetch manifest strip-ansi@^7.0.1
227 silly packumentCache full:https://registry.npmjs.org/strip-ansi cache-miss
228 silly fetch manifest ansi-styles@^6.1.0
229 silly packumentCache full:https://registry.npmjs.org/ansi-styles cache-miss
230 http cache https://registry.npmjs.org/string-width 6ms (cache hit)
231 silly packumentCache full:https://registry.npmjs.org/string-width set size:64158 disposed:false
232 http fetch GET 200 https://registry.npmjs.org/emoji-regex 37ms (cache miss)
233 silly packumentCache full:https://registry.npmjs.org/emoji-regex set size:undefined disposed:false
234 http fetch GET 200 https://registry.npmjs.org/strip-ansi 40ms (cache miss)
235 silly packumentCache full:https://registry.npmjs.org/strip-ansi set size:undefined disposed:false
236 http fetch GET 200 https://registry.npmjs.org/ansi-styles 47ms (cache miss)
237 silly packumentCache full:https://registry.npmjs.org/ansi-styles set size:undefined disposed:false
238 http fetch GET 200 https://registry.npmjs.org/strip-ansi 65ms (cache miss)
239 silly packumentCache full:https://registry.npmjs.org/strip-ansi set size:undefined disposed:false
240 http fetch GET 200 https://registry.npmjs.org/eastasianwidth 162ms (cache miss)
241 silly packumentCache full:https://registry.npmjs.org/eastasianwidth set size:undefined disposed:false
242 silly placeDep node_modules/ansi-align string-width@4.2.3 OK for: ansi-align@3.0.1 want: ^4.1.0
243 silly fetch manifest strip-ansi@^6.0.1
244 silly packumentCache full:https://registry.npmjs.org/strip-ansi cache-miss
245 silly fetch manifest emoji-regex@^8.0.0
246 silly packumentCache full:https://registry.npmjs.org/emoji-regex cache-miss
247 silly fetch manifest is-fullwidth-code-point@^3.0.0
248 silly packumentCache full:https://registry.npmjs.org/is-fullwidth-code-point cache-miss
249 http cache https://registry.npmjs.org/emoji-regex 4ms (cache hit)
250 silly packumentCache full:https://registry.npmjs.org/emoji-regex set size:89088 disposed:false
251 http cache https://registry.npmjs.org/strip-ansi 5ms (cache hit)
252 silly packumentCache full:https://registry.npmjs.org/strip-ansi set size:41855 disposed:false
253 http fetch GET 200 https://registry.npmjs.org/is-fullwidth-code-point 337ms (cache miss)
254 silly packumentCache full:https://registry.npmjs.org/is-fullwidth-code-point set size:undefined disposed:false
255 silly placeDep node_modules/chalk-template chalk@4.1.2 OK for: chalk-template@0.4.0 want: ^4.1.2
256 silly fetch manifest ansi-styles@^4.1.0
257 silly packumentCache full:https://registry.npmjs.org/ansi-styles cache-miss
258 silly fetch manifest supports-color@^7.1.0
259 silly packumentCache full:https://registry.npmjs.org/supports-color cache-miss
260 http cache https://registry.npmjs.org/ansi-styles 5ms (cache hit)
261 silly packumentCache full:https://registry.npmjs.org/ansi-styles set size:63233 disposed:false
262 http fetch GET 200 https://registry.npmjs.org/supports-color 50ms (cache miss)
263 silly packumentCache full:https://registry.npmjs.org/supports-color set size:undefined disposed:false
264 silly placeDep ROOT arch@2.2.0 OK for: clipboardy@3.0.0 want: ^2.2.0
265 silly placeDep ROOT execa@5.1.1 OK for: clipboardy@3.0.0 want: ^5.1.1
266 silly placeDep ROOT is-wsl@2.2.0 OK for: clipboardy@3.0.0 want: ^2.2.0
267 silly fetch manifest onetime@^5.1.2
268 silly packumentCache full:https://registry.npmjs.org/onetime cache-miss
269 silly fetch manifest is-stream@^2.0.0
270 silly packumentCache full:https://registry.npmjs.org/is-stream cache-miss
271 silly fetch manifest get-stream@^6.0.0
272 silly packumentCache full:https://registry.npmjs.org/get-stream cache-miss
273 silly fetch manifest cross-spawn@^7.0.3
274 silly packumentCache full:https://registry.npmjs.org/cross-spawn cache-miss
275 silly fetch manifest signal-exit@^3.0.3
276 silly packumentCache full:https://registry.npmjs.org/signal-exit cache-miss
277 silly fetch manifest merge-stream@^2.0.0
278 silly packumentCache full:https://registry.npmjs.org/merge-stream cache-miss
279 silly fetch manifest npm-run-path@^4.0.1
280 silly packumentCache full:https://registry.npmjs.org/npm-run-path cache-miss
281 silly fetch manifest human-signals@^2.1.0
282 silly packumentCache full:https://registry.npmjs.org/human-signals cache-miss
283 silly fetch manifest strip-final-newline@^2.0.0
284 silly packumentCache full:https://registry.npmjs.org/strip-final-newline cache-miss
285 http fetch GET 200 https://registry.npmjs.org/is-stream 33ms (cache miss)
286 silly packumentCache full:https://registry.npmjs.org/is-stream set size:undefined disposed:false
287 silly fetch manifest is-docker@^2.0.0
288 silly packumentCache full:https://registry.npmjs.org/is-docker cache-miss
289 http fetch GET 200 https://registry.npmjs.org/npm-run-path 37ms (cache miss)
290 silly packumentCache full:https://registry.npmjs.org/npm-run-path set size:undefined disposed:false
291 http fetch GET 200 https://registry.npmjs.org/get-stream 39ms (cache miss)
292 silly packumentCache full:https://registry.npmjs.org/get-stream set size:undefined disposed:false
293 http fetch GET 200 https://registry.npmjs.org/merge-stream 39ms (cache miss)
294 silly packumentCache full:https://registry.npmjs.org/merge-stream set size:undefined disposed:false
295 http fetch GET 200 https://registry.npmjs.org/signal-exit 39ms (cache miss)
296 silly packumentCache full:https://registry.npmjs.org/signal-exit set size:undefined disposed:false
297 http fetch GET 200 https://registry.npmjs.org/onetime 48ms (cache miss)
298 silly packumentCache full:https://registry.npmjs.org/onetime set size:undefined disposed:false
299 http fetch GET 200 https://registry.npmjs.org/strip-final-newline 48ms (cache miss)
300 silly packumentCache full:https://registry.npmjs.org/strip-final-newline set size:undefined disposed:false
301 http fetch GET 200 https://registry.npmjs.org/human-signals 48ms (cache miss)
302 silly packumentCache full:https://registry.npmjs.org/human-signals set size:undefined disposed:false
303 http fetch GET 200 https://registry.npmjs.org/is-docker 37ms (cache miss)
304 silly packumentCache full:https://registry.npmjs.org/is-docker set size:undefined disposed:false
305 http fetch GET 200 https://registry.npmjs.org/cross-spawn 185ms (cache miss)
306 silly packumentCache full:https://registry.npmjs.org/cross-spawn set size:undefined disposed:false
307 silly placeDep ROOT bytes@3.1.2 OK for: compression@1.8.1 want: 3.1.2
308 silly placeDep ROOT compressible@2.0.18 OK for: compression@1.8.1 want: ~2.0.18
309 silly placeDep ROOT debug@2.6.9 OK for: compression@1.8.1 want: 2.6.9
310 silly placeDep ROOT negotiator@0.6.4 OK for: compression@1.8.1 want: ~0.6.4
311 silly placeDep ROOT on-headers@1.1.0 OK for: compression@1.8.1 want: ~1.1.0
312 silly placeDep ROOT safe-buffer@5.2.1 OK for: compression@1.8.1 want: 5.2.1
313 silly placeDep ROOT vary@1.1.2 OK for: compression@1.8.1 want: ~1.1.2
314 silly fetch manifest mime-db@>= 1.43.0 < 2
315 silly packumentCache full:https://registry.npmjs.org/mime-db cache-miss
316 silly fetch manifest ms@2.0.0
317 silly packumentCache full:https://registry.npmjs.org/ms cache-miss
318 http fetch GET 200 https://registry.npmjs.org/ms 31ms (cache miss)
319 silly packumentCache full:https://registry.npmjs.org/ms set size:undefined disposed:false
320 http fetch GET 200 https://registry.npmjs.org/mime-db 173ms (cache miss)
321 silly packumentCache full:https://registry.npmjs.org/mime-db set size:undefined disposed:false
322 silly placeDep ROOT mime-db@1.54.0 OK for: compressible@2.0.18 want: >= 1.43.0 < 2
323 silly placeDep ROOT ms@2.0.0 OK for: debug@2.6.9 want: 2.0.0
324 silly placeDep ROOT cross-spawn@7.0.6 OK for: execa@5.1.1 want: ^7.0.3
325 silly placeDep ROOT get-stream@6.0.1 OK for: execa@5.1.1 want: ^6.0.0
326 silly placeDep ROOT human-signals@2.1.0 OK for: execa@5.1.1 want: ^2.1.0
327 silly placeDep ROOT is-stream@2.0.1 OK for: execa@5.1.1 want: ^2.0.0
328 silly placeDep ROOT merge-stream@2.0.0 OK for: execa@5.1.1 want: ^2.0.0
329 silly placeDep ROOT npm-run-path@4.0.1 OK for: execa@5.1.1 want: ^4.0.1
330 silly placeDep ROOT onetime@5.1.2 OK for: execa@5.1.1 want: ^5.1.2
331 silly placeDep ROOT signal-exit@3.0.7 OK for: execa@5.1.1 want: ^3.0.3
332 silly placeDep ROOT strip-final-newline@2.0.0 OK for: execa@5.1.1 want: ^2.0.0
333 silly fetch manifest which@^2.0.1
334 silly packumentCache full:https://registry.npmjs.org/which cache-miss
335 silly fetch manifest path-key@^3.1.0
336 silly packumentCache full:https://registry.npmjs.org/path-key cache-miss
337 silly fetch manifest shebang-command@^2.0.0
338 silly packumentCache full:https://registry.npmjs.org/shebang-command cache-miss
339 silly fetch manifest path-key@^3.0.0
340 silly packumentCache full:https://registry.npmjs.org/path-key cache-miss
341 silly fetch manifest mimic-fn@^2.1.0
342 silly packumentCache full:https://registry.npmjs.org/mimic-fn cache-miss
343 http fetch GET 200 https://registry.npmjs.org/mimic-fn 35ms (cache miss)
344 silly packumentCache full:https://registry.npmjs.org/mimic-fn set size:undefined disposed:false
345 http fetch GET 200 https://registry.npmjs.org/path-key 147ms (cache miss)
346 silly packumentCache full:https://registry.npmjs.org/path-key set size:undefined disposed:false
347 http fetch GET 200 https://registry.npmjs.org/shebang-command 157ms (cache miss)
348 silly packumentCache full:https://registry.npmjs.org/shebang-command set size:undefined disposed:false
349 http fetch GET 200 https://registry.npmjs.org/path-key 171ms (cache miss)
350 silly packumentCache full:https://registry.npmjs.org/path-key set size:undefined disposed:false
351 http fetch GET 200 https://registry.npmjs.org/which 350ms (cache miss)
352 silly packumentCache full:https://registry.npmjs.org/which set size:undefined disposed:false
353 silly placeDep ROOT path-key@3.1.1 OK for: cross-spawn@7.0.6 want: ^3.1.0
354 silly placeDep ROOT shebang-command@2.0.0 OK for: cross-spawn@7.0.6 want: ^2.0.0
355 silly placeDep ROOT which@2.0.2 OK for: cross-spawn@7.0.6 want: ^2.0.1
356 silly fetch manifest shebang-regex@^3.0.0
357 silly packumentCache full:https://registry.npmjs.org/shebang-regex cache-miss
358 silly fetch manifest isexe@^2.0.0
359 silly packumentCache full:https://registry.npmjs.org/isexe cache-miss
360 http fetch GET 200 https://registry.npmjs.org/isexe 154ms (cache miss)
361 silly packumentCache full:https://registry.npmjs.org/isexe set size:undefined disposed:false
362 http fetch GET 200 https://registry.npmjs.org/shebang-regex 425ms (cache miss)
363 silly packumentCache full:https://registry.npmjs.org/shebang-regex set size:undefined disposed:false
364 silly placeDep ROOT is-docker@2.2.1 OK for: is-wsl@2.2.0 want: ^2.0.0
365 silly placeDep ROOT mimic-fn@2.1.0 OK for: onetime@5.1.2 want: ^2.1.0
366 silly placeDep node_modules/serve-handler bytes@3.0.0 OK for: serve-handler@6.1.6 want: 3.0.0
367 silly placeDep ROOT content-disposition@0.5.2 OK for: serve-handler@6.1.6 want: 0.5.2
368 silly placeDep ROOT mime-types@2.1.18 OK for: serve-handler@6.1.6 want: 2.1.18
369 silly placeDep ROOT minimatch@3.1.2 OK for: serve-handler@6.1.6 want: 3.1.2
370 silly placeDep ROOT path-is-inside@1.0.2 OK for: serve-handler@6.1.6 want: 1.0.2
371 silly placeDep ROOT path-to-regexp@3.3.0 OK for: serve-handler@6.1.6 want: 3.3.0
372 silly placeDep ROOT range-parser@1.2.0 OK for: serve-handler@6.1.6 want: 1.2.0
373 silly fetch manifest mime-db@~1.33.0
374 silly packumentCache full:https://registry.npmjs.org/mime-db cache-miss
375 silly fetch manifest brace-expansion@^1.1.7
376 silly packumentCache full:https://registry.npmjs.org/brace-expansion cache-miss
377 http cache https://registry.npmjs.org/mime-db 6ms (cache hit)
378 silly packumentCache full:https://registry.npmjs.org/mime-db set size:164953 disposed:false
379 http fetch GET 200 https://registry.npmjs.org/brace-expansion 40ms (cache miss)
380 silly packumentCache full:https://registry.npmjs.org/brace-expansion set size:undefined disposed:false
381 silly placeDep node_modules/mime-types mime-db@1.33.0 OK for: mime-types@2.1.18 want: ~1.33.0
382 silly placeDep ROOT brace-expansion@1.1.12 OK for: minimatch@3.1.2 want: ^1.1.7
383 silly fetch manifest balanced-match@^1.0.0
384 silly packumentCache full:https://registry.npmjs.org/balanced-match cache-miss
385 silly fetch manifest concat-map@0.0.1
386 silly packumentCache full:https://registry.npmjs.org/concat-map cache-miss
387 http fetch GET 200 https://registry.npmjs.org/balanced-match 42ms (cache miss)
388 silly packumentCache full:https://registry.npmjs.org/balanced-match set size:undefined disposed:false
389 http fetch GET 200 https://registry.npmjs.org/concat-map 46ms (cache miss)
390 silly packumentCache full:https://registry.npmjs.org/concat-map set size:undefined disposed:false
391 silly placeDep ROOT balanced-match@1.0.2 OK for: brace-expansion@1.1.12 want: ^1.0.0
392 silly placeDep ROOT concat-map@0.0.1 OK for: brace-expansion@1.1.12 want: 0.0.1
393 silly placeDep ROOT shebang-regex@3.0.0 OK for: shebang-command@2.0.0 want: ^3.0.0
394 silly placeDep ROOT eastasianwidth@0.2.0 OK for: string-width@5.1.2 want: ^0.2.0
395 silly placeDep ROOT emoji-regex@9.2.2 OK for: string-width@5.1.2 want: ^9.2.2
396 silly placeDep ROOT strip-ansi@7.1.2 OK for: string-width@5.1.2 want: ^7.0.1
397 silly fetch manifest ansi-regex@^6.0.1
398 silly packumentCache full:https://registry.npmjs.org/ansi-regex cache-miss
399 http fetch GET 200 https://registry.npmjs.org/ansi-regex 41ms (cache miss)
400 silly packumentCache full:https://registry.npmjs.org/ansi-regex set size:undefined disposed:false
401 silly placeDep ROOT ansi-regex@6.2.2 OK for: strip-ansi@7.1.2 want: ^6.0.1
402 silly placeDep ROOT registry-auth-token@3.3.2 OK for: update-check@1.5.4 want: 3.3.2
403 silly placeDep ROOT registry-url@3.1.0 OK for: update-check@1.5.4 want: 3.1.0
404 silly fetch manifest rc@^1.1.6
405 silly packumentCache full:https://registry.npmjs.org/rc cache-miss
406 silly fetch manifest rc@^1.0.1
407 silly packumentCache full:https://registry.npmjs.org/rc cache-miss
408 http fetch GET 200 https://registry.npmjs.org/rc 139ms (cache miss)
409 silly packumentCache full:https://registry.npmjs.org/rc set size:undefined disposed:false
410 http fetch GET 200 https://registry.npmjs.org/rc 141ms (cache miss)
411 silly packumentCache full:https://registry.npmjs.org/rc set size:undefined disposed:false
412 silly placeDep ROOT rc@1.2.8 OK for: registry-auth-token@3.3.2 want: ^1.1.6
413 silly fetch manifest ini@~1.3.0
414 silly packumentCache full:https://registry.npmjs.org/ini cache-miss
415 silly fetch manifest minimist@^1.2.0
416 silly packumentCache full:https://registry.npmjs.org/minimist cache-miss
417 silly fetch manifest deep-extend@^0.6.0
418 silly packumentCache full:https://registry.npmjs.org/deep-extend cache-miss
419 silly fetch manifest strip-json-comments@~2.0.1
420 silly packumentCache full:https://registry.npmjs.org/strip-json-comments cache-miss
421 http fetch GET 200 https://registry.npmjs.org/minimist 37ms (cache miss)
422 silly packumentCache full:https://registry.npmjs.org/minimist set size:undefined disposed:false
423 http fetch GET 200 https://registry.npmjs.org/strip-json-comments 47ms (cache miss)
424 silly packumentCache full:https://registry.npmjs.org/strip-json-comments set size:undefined disposed:false
425 http fetch GET 200 https://registry.npmjs.org/deep-extend 411ms (cache miss)
426 silly packumentCache full:https://registry.npmjs.org/deep-extend set size:undefined disposed:false
427 http fetch GET 200 https://registry.npmjs.org/ini 412ms (cache miss)
428 silly packumentCache full:https://registry.npmjs.org/ini set size:undefined disposed:false
429 silly placeDep ROOT deep-extend@0.6.0 OK for: rc@1.2.8 want: ^0.6.0
430 silly placeDep ROOT ini@1.3.8 OK for: rc@1.2.8 want: ~1.3.0
431 silly placeDep ROOT minimist@1.2.8 OK for: rc@1.2.8 want: ^1.2.0
432 silly placeDep ROOT strip-json-comments@2.0.1 OK for: rc@1.2.8 want: ~2.0.1
433 silly placeDep ROOT punycode@2.3.1 OK for: uri-js@4.4.1 want: ^2.1.0
434 silly placeDep ROOT isexe@2.0.0 OK for: which@2.0.2 want: ^2.0.0
435 silly placeDep ROOT ansi-styles@6.2.3 OK for: wrap-ansi@8.1.0 want: ^6.1.0
436 silly placeDep node_modules/ansi-align emoji-regex@8.0.0 OK for: string-width@4.2.3 want: ^8.0.0
437 silly placeDep ROOT is-fullwidth-code-point@3.0.0 OK for: string-width@4.2.3 want: ^3.0.0
438 silly placeDep node_modules/ansi-align strip-ansi@6.0.1 OK for: string-width@4.2.3 want: ^6.0.1
439 silly fetch manifest ansi-regex@^5.0.1
440 silly packumentCache full:https://registry.npmjs.org/ansi-regex cache-miss
441 http cache https://registry.npmjs.org/ansi-regex 3ms (cache hit)
442 silly packumentCache full:https://registry.npmjs.org/ansi-regex set size:43572 disposed:false
443 silly placeDep node_modules/ansi-align ansi-regex@5.0.1 OK for: strip-ansi@6.0.1 want: ^5.0.1
444 silly placeDep node_modules/chalk-template ansi-styles@4.3.0 OK for: chalk@4.1.2 want: ^4.1.0
445 silly placeDep ROOT supports-color@7.2.0 OK for: chalk@4.1.2 want: ^7.1.0
446 silly fetch manifest color-convert@^2.0.1
447 silly packumentCache full:https://registry.npmjs.org/color-convert cache-miss
448 silly fetch manifest has-flag@^4.0.0
449 silly packumentCache full:https://registry.npmjs.org/has-flag cache-miss
450 http fetch GET 200 https://registry.npmjs.org/color-convert 49ms (cache miss)
451 silly packumentCache full:https://registry.npmjs.org/color-convert set size:undefined disposed:false
452 http fetch GET 200 https://registry.npmjs.org/has-flag 309ms (cache miss)
453 silly packumentCache full:https://registry.npmjs.org/has-flag set size:undefined disposed:false
454 silly placeDep ROOT has-flag@4.0.0 OK for: supports-color@7.2.0 want: ^4.0.0
455 silly placeDep ROOT color-convert@2.0.1 OK for: ansi-styles@4.3.0 want: ^2.0.1
456 silly fetch manifest color-name@~1.1.4
457 silly packumentCache full:https://registry.npmjs.org/color-name cache-miss
458 http fetch GET 200 https://registry.npmjs.org/color-name 39ms (cache miss)
459 silly packumentCache full:https://registry.npmjs.org/color-name set size:undefined disposed:false
460 silly placeDep ROOT color-name@1.1.4 OK for: color-convert@2.0.1 want: ~1.1.4
461 silly reify moves {}
462 silly audit bulk request {
462 silly audit   serve: [ '14.2.5' ],
462 silly audit   '@zeit/schemas': [ '2.36.0' ],
462 silly audit   ajv: [ '8.12.0' ],
462 silly audit   arg: [ '5.0.2' ],
462 silly audit   boxen: [ '7.0.0' ],
462 silly audit   chalk: [ '5.0.1', '4.1.2' ],
462 silly audit   'chalk-template': [ '0.4.0' ],
462 silly audit   clipboardy: [ '3.0.0' ],
462 silly audit   compression: [ '1.8.1' ],
462 silly audit   'is-port-reachable': [ '4.0.0' ],
462 silly audit   'serve-handler': [ '6.1.6' ],
462 silly audit   'update-check': [ '1.5.4' ],
462 silly audit   'fast-deep-equal': [ '3.1.3' ],
462 silly audit   'json-schema-traverse': [ '1.0.0' ],
462 silly audit   'require-from-string': [ '2.0.2' ],
462 silly audit   'uri-js': [ '4.4.1' ],
462 silly audit   'ansi-align': [ '3.0.1' ],
462 silly audit   camelcase: [ '7.0.1' ],
462 silly audit   'cli-boxes': [ '3.0.0' ],
462 silly audit   'string-width': [ '5.1.2', '4.2.3' ],
462 silly audit   'type-fest': [ '2.19.0' ],
462 silly audit   'widest-line': [ '4.0.1' ],
462 silly audit   'wrap-ansi': [ '8.1.0' ],
462 silly audit   arch: [ '2.2.0' ],
462 silly audit   execa: [ '5.1.1' ],
462 silly audit   'is-wsl': [ '2.2.0' ],
462 silly audit   bytes: [ '3.1.2', '3.0.0' ],
462 silly audit   compressible: [ '2.0.18' ],
462 silly audit   debug: [ '2.6.9' ],
462 silly audit   negotiator: [ '0.6.4' ],
462 silly audit   'on-headers': [ '1.1.0' ],
462 silly audit   'safe-buffer': [ '5.2.1' ],
462 silly audit   vary: [ '1.1.2' ],
462 silly audit   'mime-db': [ '1.54.0', '1.33.0' ],
462 silly audit   ms: [ '2.0.0' ],
462 silly audit   'cross-spawn': [ '7.0.6' ],
462 silly audit   'get-stream': [ '6.0.1' ],
462 silly audit   'human-signals': [ '2.1.0' ],
462 silly audit   'is-stream': [ '2.0.1' ],
462 silly audit   'merge-stream': [ '2.0.0' ],
462 silly audit   'npm-run-path': [ '4.0.1' ],
462 silly audit   onetime: [ '5.1.2' ],
462 silly audit   'signal-exit': [ '3.0.7' ],
462 silly audit   'strip-final-newline': [ '2.0.0' ],
462 silly audit   'path-key': [ '3.1.1' ],
462 silly audit   'shebang-command': [ '2.0.0' ],
462 silly audit   which: [ '2.0.2' ],
462 silly audit   'is-docker': [ '2.2.1' ],
462 silly audit   'mimic-fn': [ '2.1.0' ],
462 silly audit   'content-disposition': [ '0.5.2' ],
462 silly audit   'mime-types': [ '2.1.18' ],
462 silly audit   minimatch: [ '3.1.2' ],
462 silly audit   'path-is-inside': [ '1.0.2' ],
462 silly audit   'path-to-regexp': [ '3.3.0' ],
462 silly audit   'range-parser': [ '1.2.0' ],
462 silly audit   'brace-expansion': [ '1.1.12' ],
462 silly audit   'balanced-match': [ '1.0.2' ],
462 silly audit   'concat-map': [ '0.0.1' ],
462 silly audit   'shebang-regex': [ '3.0.0' ],
462 silly audit   eastasianwidth: [ '0.2.0' ],
462 silly audit   'emoji-regex': [ '9.2.2', '8.0.0' ],
462 silly audit   'strip-ansi': [ '7.1.2', '6.0.1' ],
462 silly audit   'ansi-regex': [ '6.2.2', '5.0.1' ],
462 silly audit   'registry-auth-token': [ '3.3.2' ],
462 silly audit   'registry-url': [ '3.1.0' ],
462 silly audit   rc: [ '1.2.8' ],
462 silly audit   'deep-extend': [ '0.6.0' ],
462 silly audit   ini: [ '1.3.8' ],
462 silly audit   minimist: [ '1.2.8' ],
462 silly audit   'strip-json-comments': [ '2.0.1' ],
462 silly audit   punycode: [ '2.3.1' ],
462 silly audit   isexe: [ '2.0.0' ],
462 silly audit   'ansi-styles': [ '6.2.3', '4.3.0' ],
462 silly audit   'is-fullwidth-code-point': [ '3.0.0' ],
462 silly audit   'supports-color': [ '7.2.0' ],
462 silly audit   'has-flag': [ '4.0.0' ],
462 silly audit   'color-convert': [ '2.0.1' ],
462 silly audit   'color-name': [ '1.1.4' ]
462 silly audit }
463 http cache color-name@https://registry.npmjs.org/color-name/-/color-name-1.1.4.tgz 0ms (cache hit)
464 http cache has-flag@https://registry.npmjs.org/has-flag/-/has-flag-4.0.0.tgz 0ms (cache hit)
465 http cache color-convert@https://registry.npmjs.org/color-convert/-/color-convert-2.0.1.tgz 0ms (cache hit)
466 http cache supports-color@https://registry.npmjs.org/supports-color/-/supports-color-7.2.0.tgz 0ms (cache hit)
467 http cache isexe@https://registry.npmjs.org/isexe/-/isexe-2.0.0.tgz 0ms (cache hit)
468 http cache punycode@https://registry.npmjs.org/punycode/-/punycode-2.3.1.tgz 0ms (cache hit)
469 http cache ansi-styles@https://registry.npmjs.org/ansi-styles/-/ansi-styles-6.2.3.tgz 0ms (cache hit)
470 http cache strip-json-comments@https://registry.npmjs.org/strip-json-comments/-/strip-json-comments-2.0.1.tgz 0ms (cache hit)
471 http cache minimist@https://registry.npmjs.org/minimist/-/minimist-1.2.8.tgz 0ms (cache hit)
472 http cache ini@https://registry.npmjs.org/ini/-/ini-1.3.8.tgz 0ms (cache hit)
473 http cache deep-extend@https://registry.npmjs.org/deep-extend/-/deep-extend-0.6.0.tgz 0ms (cache hit)
474 http cache rc@https://registry.npmjs.org/rc/-/rc-1.2.8.tgz 0ms (cache hit)
475 http cache registry-url@https://registry.npmjs.org/registry-url/-/registry-url-3.1.0.tgz 0ms (cache hit)
476 http cache registry-auth-token@https://registry.npmjs.org/registry-auth-token/-/registry-auth-token-3.3.2.tgz 0ms (cache hit)
477 http cache ansi-regex@https://registry.npmjs.org/ansi-regex/-/ansi-regex-6.2.2.tgz 0ms (cache hit)
478 http cache emoji-regex@https://registry.npmjs.org/emoji-regex/-/emoji-regex-9.2.2.tgz 0ms (cache hit)
479 http cache eastasianwidth@https://registry.npmjs.org/eastasianwidth/-/eastasianwidth-0.2.0.tgz 0ms (cache hit)
480 http cache concat-map@https://registry.npmjs.org/concat-map/-/concat-map-0.0.1.tgz 0ms (cache hit)
481 http cache balanced-match@https://registry.npmjs.org/balanced-match/-/balanced-match-1.0.2.tgz 0ms (cache hit)
482 http cache shebang-regex@https://registry.npmjs.org/shebang-regex/-/shebang-regex-3.0.0.tgz 0ms (cache hit)
483 http cache strip-ansi@https://registry.npmjs.org/strip-ansi/-/strip-ansi-7.1.2.tgz 0ms (cache hit)
484 http cache brace-expansion@https://registry.npmjs.org/brace-expansion/-/brace-expansion-1.1.12.tgz 0ms (cache hit)
485 http cache range-parser@https://registry.npmjs.org/range-parser/-/range-parser-1.2.0.tgz 0ms (cache hit)
486 http cache path-to-regexp@https://registry.npmjs.org/path-to-regexp/-/path-to-regexp-3.3.0.tgz 0ms (cache hit)
487 http cache path-is-inside@https://registry.npmjs.org/path-is-inside/-/path-is-inside-1.0.2.tgz 0ms (cache hit)
488 http cache minimatch@https://registry.npmjs.org/minimatch/-/minimatch-3.1.2.tgz 0ms (cache hit)
489 http cache mime-types@https://registry.npmjs.org/mime-types/-/mime-types-2.1.18.tgz 0ms (cache hit)
490 http cache content-disposition@https://registry.npmjs.org/content-disposition/-/content-disposition-0.5.2.tgz 0ms (cache hit)
491 http cache is-docker@https://registry.npmjs.org/is-docker/-/is-docker-2.2.1.tgz 0ms (cache hit)
492 http cache which@https://registry.npmjs.org/which/-/which-2.0.2.tgz 0ms (cache hit)
493 http cache shebang-command@https://registry.npmjs.org/shebang-command/-/shebang-command-2.0.0.tgz 0ms (cache hit)
494 http cache path-key@https://registry.npmjs.org/path-key/-/path-key-3.1.1.tgz 0ms (cache hit)
495 http cache strip-final-newline@https://registry.npmjs.org/strip-final-newline/-/strip-final-newline-2.0.0.tgz 0ms (cache hit)
496 http cache signal-exit@https://registry.npmjs.org/signal-exit/-/signal-exit-3.0.7.tgz 0ms (cache hit)
497 http cache onetime@https://registry.npmjs.org/onetime/-/onetime-5.1.2.tgz 0ms (cache hit)
498 http cache npm-run-path@https://registry.npmjs.org/npm-run-path/-/npm-run-path-4.0.1.tgz 0ms (cache hit)
499 http cache merge-stream@https://registry.npmjs.org/merge-stream/-/merge-stream-2.0.0.tgz 0ms (cache hit)
500 http cache mimic-fn@https://registry.npmjs.org/mimic-fn/-/mimic-fn-2.1.0.tgz 0ms (cache hit)
501 http cache is-stream@https://registry.npmjs.org/is-stream/-/is-stream-2.0.1.tgz 0ms (cache hit)
502 http cache human-signals@https://registry.npmjs.org/human-signals/-/human-signals-2.1.0.tgz 0ms (cache hit)
503 http cache cross-spawn@https://registry.npmjs.org/cross-spawn/-/cross-spawn-7.0.6.tgz 0ms (cache hit)
504 http cache get-stream@https://registry.npmjs.org/get-stream/-/get-stream-6.0.1.tgz 0ms (cache hit)
505 http cache ms@https://registry.npmjs.org/ms/-/ms-2.0.0.tgz 0ms (cache hit)
506 http cache mime-db@https://registry.npmjs.org/mime-db/-/mime-db-1.54.0.tgz 0ms (cache hit)
507 http cache vary@https://registry.npmjs.org/vary/-/vary-1.1.2.tgz 0ms (cache hit)
508 http cache safe-buffer@https://registry.npmjs.org/safe-buffer/-/safe-buffer-5.2.1.tgz 0ms (cache hit)
509 http cache on-headers@https://registry.npmjs.org/on-headers/-/on-headers-1.1.0.tgz 0ms (cache hit)
510 http cache negotiator@https://registry.npmjs.org/negotiator/-/negotiator-0.6.4.tgz 0ms (cache hit)
511 http cache debug@https://registry.npmjs.org/debug/-/debug-2.6.9.tgz 0ms (cache hit)
512 http cache compressible@https://registry.npmjs.org/compressible/-/compressible-2.0.18.tgz 0ms (cache hit)
513 http cache bytes@https://registry.npmjs.org/bytes/-/bytes-3.1.2.tgz 0ms (cache hit)
514 http cache is-fullwidth-code-point@https://registry.npmjs.org/is-fullwidth-code-point/-/is-fullwidth-code-point-3.0.0.tgz 0ms (cache hit)
515 http cache is-wsl@https://registry.npmjs.org/is-wsl/-/is-wsl-2.2.0.tgz 0ms (cache hit)
516 http cache execa@https://registry.npmjs.org/execa/-/execa-5.1.1.tgz 0ms (cache hit)
517 http cache arch@https://registry.npmjs.org/arch/-/arch-2.2.0.tgz 0ms (cache hit)
518 http cache widest-line@https://registry.npmjs.org/widest-line/-/widest-line-4.0.1.tgz 0ms (cache hit)
519 http cache type-fest@https://registry.npmjs.org/type-fest/-/type-fest-2.19.0.tgz 0ms (cache hit)
520 http cache cli-boxes@https://registry.npmjs.org/cli-boxes/-/cli-boxes-3.0.0.tgz 0ms (cache hit)
521 http cache camelcase@https://registry.npmjs.org/camelcase/-/camelcase-7.0.1.tgz 0ms (cache hit)
522 http cache ansi-align@https://registry.npmjs.org/ansi-align/-/ansi-align-3.0.1.tgz 0ms (cache hit)
523 http cache uri-js@https://registry.npmjs.org/uri-js/-/uri-js-4.4.1.tgz 0ms (cache hit)
524 http cache require-from-string@https://registry.npmjs.org/require-from-string/-/require-from-string-2.0.2.tgz 0ms (cache hit)
525 http cache json-schema-traverse@https://registry.npmjs.org/json-schema-traverse/-/json-schema-traverse-1.0.0.tgz 0ms (cache hit)
526 http cache fast-deep-equal@https://registry.npmjs.org/fast-deep-equal/-/fast-deep-equal-3.1.3.tgz 0ms (cache hit)
527 http cache serve-handler@https://registry.npmjs.org/serve-handler/-/serve-handler-6.1.6.tgz 0ms (cache hit)
528 http cache update-check@https://registry.npmjs.org/update-check/-/update-check-1.5.4.tgz 0ms (cache hit)
529 http cache compression@https://registry.npmjs.org/compression/-/compression-1.8.1.tgz 0ms (cache hit)
530 http cache is-port-reachable@https://registry.npmjs.org/is-port-reachable/-/is-port-reachable-4.0.0.tgz 0ms (cache hit)
531 http cache string-width@https://registry.npmjs.org/string-width/-/string-width-5.1.2.tgz 0ms (cache hit)
532 http cache chalk@https://registry.npmjs.org/chalk/-/chalk-5.0.1.tgz 0ms (cache hit)
533 http cache wrap-ansi@https://registry.npmjs.org/wrap-ansi/-/wrap-ansi-8.1.0.tgz 0ms (cache hit)
534 http cache chalk-template@https://registry.npmjs.org/chalk-template/-/chalk-template-0.4.0.tgz 0ms (cache hit)
535 http cache arg@https://registry.npmjs.org/arg/-/arg-5.0.2.tgz 0ms (cache hit)
536 http cache ajv@https://registry.npmjs.org/ajv/-/ajv-8.12.0.tgz 0ms (cache hit)
537 http cache clipboardy@https://registry.npmjs.org/clipboardy/-/clipboardy-3.0.0.tgz 0ms (cache hit)
538 http cache serve@https://registry.npmjs.org/serve/-/serve-14.2.5.tgz 0ms (cache hit)
539 http cache @zeit/schemas@https://registry.npmjs.org/@zeit/schemas/-/schemas-2.36.0.tgz 0ms (cache hit)
540 http cache mime-db@https://registry.npmjs.org/mime-db/-/mime-db-1.33.0.tgz 0ms (cache hit)
541 http cache ansi-regex@https://registry.npmjs.org/ansi-regex/-/ansi-regex-5.0.1.tgz 0ms (cache hit)
542 http cache emoji-regex@https://registry.npmjs.org/emoji-regex/-/emoji-regex-8.0.0.tgz 0ms (cache hit)
543 http cache strip-ansi@https://registry.npmjs.org/strip-ansi/-/strip-ansi-6.0.1.tgz 0ms (cache hit)
544 http cache boxen@https://registry.npmjs.org/boxen/-/boxen-7.0.0.tgz 0ms (cache hit)
545 http cache bytes@https://registry.npmjs.org/bytes/-/bytes-3.0.0.tgz 0ms (cache hit)
546 http cache ansi-styles@https://registry.npmjs.org/ansi-styles/-/ansi-styles-4.3.0.tgz 0ms (cache hit)
547 http cache string-width@https://registry.npmjs.org/string-width/-/string-width-4.2.3.tgz 0ms (cache hit)
548 http cache chalk@https://registry.npmjs.org/chalk/-/chalk-4.1.2.tgz 0ms (cache hit)
549 silly tarball no local data for color-name@https://registry.npmjs.org/color-name/-/color-name-1.1.4.tgz. Extracting by manifest.
550 silly tarball no local data for has-flag@https://registry.npmjs.org/has-flag/-/has-flag-4.0.0.tgz. Extracting by manifest.
551 silly tarball no local data for color-convert@https://registry.npmjs.org/color-convert/-/color-convert-2.0.1.tgz. Extracting by manifest.
552 silly tarball no local data for supports-color@https://registry.npmjs.org/supports-color/-/supports-color-7.2.0.tgz. Extracting by manifest.
553 silly tarball no local data for isexe@https://registry.npmjs.org/isexe/-/isexe-2.0.0.tgz. Extracting by manifest.
554 silly tarball no local data for punycode@https://registry.npmjs.org/punycode/-/punycode-2.3.1.tgz. Extracting by manifest.
555 silly tarball no local data for ansi-styles@https://registry.npmjs.org/ansi-styles/-/ansi-styles-6.2.3.tgz. Extracting by manifest.
556 silly tarball no local data for strip-json-comments@https://registry.npmjs.org/strip-json-comments/-/strip-json-comments-2.0.1.tgz. Extracting by manifest.
557 silly tarball no local data for minimist@https://registry.npmjs.org/minimist/-/minimist-1.2.8.tgz. Extracting by manifest.
558 silly tarball no local data for ini@https://registry.npmjs.org/ini/-/ini-1.3.8.tgz. Extracting by manifest.
559 silly tarball no local data for deep-extend@https://registry.npmjs.org/deep-extend/-/deep-extend-0.6.0.tgz. Extracting by manifest.
560 silly tarball no local data for rc@https://registry.npmjs.org/rc/-/rc-1.2.8.tgz. Extracting by manifest.
561 silly tarball no local data for registry-url@https://registry.npmjs.org/registry-url/-/registry-url-3.1.0.tgz. Extracting by manifest.
562 silly tarball no local data for registry-auth-token@https://registry.npmjs.org/registry-auth-token/-/registry-auth-token-3.3.2.tgz. Extracting by manifest.
563 silly tarball no local data for ansi-regex@https://registry.npmjs.org/ansi-regex/-/ansi-regex-6.2.2.tgz. Extracting by manifest.
564 silly tarball no local data for emoji-regex@https://registry.npmjs.org/emoji-regex/-/emoji-regex-9.2.2.tgz. Extracting by manifest.
565 silly tarball no local data for eastasianwidth@https://registry.npmjs.org/eastasianwidth/-/eastasianwidth-0.2.0.tgz. Extracting by manifest.
566 silly tarball no local data for concat-map@https://registry.npmjs.org/concat-map/-/concat-map-0.0.1.tgz. Extracting by manifest.
567 silly tarball no local data for balanced-match@https://registry.npmjs.org/balanced-match/-/balanced-match-1.0.2.tgz. Extracting by manifest.
568 silly tarball no local data for shebang-regex@https://registry.npmjs.org/shebang-regex/-/shebang-regex-3.0.0.tgz. Extracting by manifest.
569 silly tarball no local data for strip-ansi@https://registry.npmjs.org/strip-ansi/-/strip-ansi-7.1.2.tgz. Extracting by manifest.
570 silly tarball no local data for brace-expansion@https://registry.npmjs.org/brace-expansion/-/brace-expansion-1.1.12.tgz. Extracting by manifest.
571 silly tarball no local data for range-parser@https://registry.npmjs.org/range-parser/-/range-parser-1.2.0.tgz. Extracting by manifest.
572 silly tarball no local data for path-to-regexp@https://registry.npmjs.org/path-to-regexp/-/path-to-regexp-3.3.0.tgz. Extracting by manifest.
573 silly tarball no local data for path-is-inside@https://registry.npmjs.org/path-is-inside/-/path-is-inside-1.0.2.tgz. Extracting by manifest.
574 silly tarball no local data for minimatch@https://registry.npmjs.org/minimatch/-/minimatch-3.1.2.tgz. Extracting by manifest.
575 silly tarball no local data for mime-types@https://registry.npmjs.org/mime-types/-/mime-types-2.1.18.tgz. Extracting by manifest.
576 silly tarball no local data for content-disposition@https://registry.npmjs.org/content-disposition/-/content-disposition-0.5.2.tgz. Extracting by manifest.
577 silly tarball no local data for is-docker@https://registry.npmjs.org/is-docker/-/is-docker-2.2.1.tgz. Extracting by manifest.
578 silly tarball no local data for which@https://registry.npmjs.org/which/-/which-2.0.2.tgz. Extracting by manifest.
579 silly tarball no local data for shebang-command@https://registry.npmjs.org/shebang-command/-/shebang-command-2.0.0.tgz. Extracting by manifest.
580 silly tarball no local data for path-key@https://registry.npmjs.org/path-key/-/path-key-3.1.1.tgz. Extracting by manifest.
581 silly tarball no local data for strip-final-newline@https://registry.npmjs.org/strip-final-newline/-/strip-final-newline-2.0.0.tgz. Extracting by manifest.
582 silly tarball no local data for signal-exit@https://registry.npmjs.org/signal-exit/-/signal-exit-3.0.7.tgz. Extracting by manifest.
583 silly tarball no local data for onetime@https://registry.npmjs.org/onetime/-/onetime-5.1.2.tgz. Extracting by manifest.
584 silly tarball no local data for npm-run-path@https://registry.npmjs.org/npm-run-path/-/npm-run-path-4.0.1.tgz. Extracting by manifest.
585 silly tarball no local data for merge-stream@https://registry.npmjs.org/merge-stream/-/merge-stream-2.0.0.tgz. Extracting by manifest.
586 silly tarball no local data for mimic-fn@https://registry.npmjs.org/mimic-fn/-/mimic-fn-2.1.0.tgz. Extracting by manifest.
587 silly tarball no local data for is-stream@https://registry.npmjs.org/is-stream/-/is-stream-2.0.1.tgz. Extracting by manifest.
588 silly tarball no local data for human-signals@https://registry.npmjs.org/human-signals/-/human-signals-2.1.0.tgz. Extracting by manifest.
589 silly tarball no local data for cross-spawn@https://registry.npmjs.org/cross-spawn/-/cross-spawn-7.0.6.tgz. Extracting by manifest.
590 silly tarball no local data for get-stream@https://registry.npmjs.org/get-stream/-/get-stream-6.0.1.tgz. Extracting by manifest.
591 silly tarball no local data for ms@https://registry.npmjs.org/ms/-/ms-2.0.0.tgz. Extracting by manifest.
592 silly tarball no local data for mime-db@https://registry.npmjs.org/mime-db/-/mime-db-1.54.0.tgz. Extracting by manifest.
593 silly tarball no local data for vary@https://registry.npmjs.org/vary/-/vary-1.1.2.tgz. Extracting by manifest.
594 silly tarball no local data for safe-buffer@https://registry.npmjs.org/safe-buffer/-/safe-buffer-5.2.1.tgz. Extracting by manifest.
595 silly tarball no local data for on-headers@https://registry.npmjs.org/on-headers/-/on-headers-1.1.0.tgz. Extracting by manifest.
596 silly tarball no local data for negotiator@https://registry.npmjs.org/negotiator/-/negotiator-0.6.4.tgz. Extracting by manifest.
597 silly tarball no local data for debug@https://registry.npmjs.org/debug/-/debug-2.6.9.tgz. Extracting by manifest.
598 silly tarball no local data for compressible@https://registry.npmjs.org/compressible/-/compressible-2.0.18.tgz. Extracting by manifest.
599 silly tarball no local data for bytes@https://registry.npmjs.org/bytes/-/bytes-3.1.2.tgz. Extracting by manifest.
600 silly tarball no local data for is-fullwidth-code-point@https://registry.npmjs.org/is-fullwidth-code-point/-/is-fullwidth-code-point-3.0.0.tgz. Extracting by manifest.
601 silly tarball no local data for is-wsl@https://registry.npmjs.org/is-wsl/-/is-wsl-2.2.0.tgz. Extracting by manifest.
602 silly tarball no local data for execa@https://registry.npmjs.org/execa/-/execa-5.1.1.tgz. Extracting by manifest.
603 silly tarball no local data for arch@https://registry.npmjs.org/arch/-/arch-2.2.0.tgz. Extracting by manifest.
604 silly tarball no local data for widest-line@https://registry.npmjs.org/widest-line/-/widest-line-4.0.1.tgz. Extracting by manifest.
605 silly tarball no local data for type-fest@https://registry.npmjs.org/type-fest/-/type-fest-2.19.0.tgz. Extracting by manifest.
606 silly tarball no local data for cli-boxes@https://registry.npmjs.org/cli-boxes/-/cli-boxes-3.0.0.tgz. Extracting by manifest.
607 silly tarball no local data for camelcase@https://registry.npmjs.org/camelcase/-/camelcase-7.0.1.tgz. Extracting by manifest.
608 silly tarball no local data for ansi-align@https://registry.npmjs.org/ansi-align/-/ansi-align-3.0.1.tgz. Extracting by manifest.
609 silly tarball no local data for uri-js@https://registry.npmjs.org/uri-js/-/uri-js-4.4.1.tgz. Extracting by manifest.
610 silly tarball no local data for require-from-string@https://registry.npmjs.org/require-from-string/-/require-from-string-2.0.2.tgz. Extracting by manifest.
611 silly tarball no local data for json-schema-traverse@https://registry.npmjs.org/json-schema-traverse/-/json-schema-traverse-1.0.0.tgz. Extracting by manifest.
612 silly tarball no local data for fast-deep-equal@https://registry.npmjs.org/fast-deep-equal/-/fast-deep-equal-3.1.3.tgz. Extracting by manifest.
613 silly tarball no local data for serve-handler@https://registry.npmjs.org/serve-handler/-/serve-handler-6.1.6.tgz. Extracting by manifest.
614 silly tarball no local data for update-check@https://registry.npmjs.org/update-check/-/update-check-1.5.4.tgz. Extracting by manifest.
615 silly tarball no local data for compression@https://registry.npmjs.org/compression/-/compression-1.8.1.tgz. Extracting by manifest.
616 silly tarball no local data for is-port-reachable@https://registry.npmjs.org/is-port-reachable/-/is-port-reachable-4.0.0.tgz. Extracting by manifest.
617 silly tarball no local data for string-width@https://registry.npmjs.org/string-width/-/string-width-5.1.2.tgz. Extracting by manifest.
618 silly tarball no local data for chalk@https://registry.npmjs.org/chalk/-/chalk-5.0.1.tgz. Extracting by manifest.
619 silly tarball no local data for wrap-ansi@https://registry.npmjs.org/wrap-ansi/-/wrap-ansi-8.1.0.tgz. Extracting by manifest.
620 silly tarball no local data for chalk-template@https://registry.npmjs.org/chalk-template/-/chalk-template-0.4.0.tgz. Extracting by manifest.
621 silly tarball no local data for arg@https://registry.npmjs.org/arg/-/arg-5.0.2.tgz. Extracting by manifest.
622 silly tarball no local data for ajv@https://registry.npmjs.org/ajv/-/ajv-8.12.0.tgz. Extracting by manifest.
623 silly tarball no local data for clipboardy@https://registry.npmjs.org/clipboardy/-/clipboardy-3.0.0.tgz. Extracting by manifest.
624 silly tarball no local data for serve@https://registry.npmjs.org/serve/-/serve-14.2.5.tgz. Extracting by manifest.
625 silly tarball no local data for @zeit/schemas@https://registry.npmjs.org/@zeit/schemas/-/schemas-2.36.0.tgz. Extracting by manifest.
626 silly tarball no local data for mime-db@https://registry.npmjs.org/mime-db/-/mime-db-1.33.0.tgz. Extracting by manifest.
627 silly tarball no local data for ansi-regex@https://registry.npmjs.org/ansi-regex/-/ansi-regex-5.0.1.tgz. Extracting by manifest.
628 silly tarball no local data for emoji-regex@https://registry.npmjs.org/emoji-regex/-/emoji-regex-8.0.0.tgz. Extracting by manifest.
629 silly tarball no local data for strip-ansi@https://registry.npmjs.org/strip-ansi/-/strip-ansi-6.0.1.tgz. Extracting by manifest.
630 silly tarball no local data for boxen@https://registry.npmjs.org/boxen/-/boxen-7.0.0.tgz. Extracting by manifest.
631 silly tarball no local data for bytes@https://registry.npmjs.org/bytes/-/bytes-3.0.0.tgz. Extracting by manifest.
632 silly tarball no local data for ansi-styles@https://registry.npmjs.org/ansi-styles/-/ansi-styles-4.3.0.tgz. Extracting by manifest.
633 silly tarball no local data for string-width@https://registry.npmjs.org/string-width/-/string-width-4.2.3.tgz. Extracting by manifest.
634 silly tarball no local data for chalk@https://registry.npmjs.org/chalk/-/chalk-4.1.2.tgz. Extracting by manifest.
635 http fetch GET 200 https://registry.npmjs.org/color-name/-/color-name-1.1.4.tgz 61ms (cache miss)
636 http fetch GET 200 https://registry.npmjs.org/color-convert/-/color-convert-2.0.1.tgz 60ms (cache miss)
637 http fetch GET 200 https://registry.npmjs.org/supports-color/-/supports-color-7.2.0.tgz 60ms (cache miss)
638 http fetch GET 200 https://registry.npmjs.org/strip-json-comments/-/strip-json-comments-2.0.1.tgz 60ms (cache miss)
639 http fetch GET 200 https://registry.npmjs.org/isexe/-/isexe-2.0.0.tgz 61ms (cache miss)
640 http fetch GET 200 https://registry.npmjs.org/ansi-styles/-/ansi-styles-6.2.3.tgz 61ms (cache miss)
641 http fetch GET 200 https://registry.npmjs.org/has-flag/-/has-flag-4.0.0.tgz 61ms (cache miss)
642 http fetch GET 200 https://registry.npmjs.org/punycode/-/punycode-2.3.1.tgz 79ms (cache miss)
643 http fetch GET 200 https://registry.npmjs.org/deep-extend/-/deep-extend-0.6.0.tgz 78ms (cache miss)
644 http fetch GET 200 https://registry.npmjs.org/registry-url/-/registry-url-3.1.0.tgz 79ms (cache miss)
645 http fetch GET 200 https://registry.npmjs.org/eastasianwidth/-/eastasianwidth-0.2.0.tgz 84ms (cache miss)
646 http fetch GET 200 https://registry.npmjs.org/ansi-regex/-/ansi-regex-6.2.2.tgz 84ms (cache miss)
647 http fetch GET 200 https://registry.npmjs.org/ini/-/ini-1.3.8.tgz 86ms (cache miss)
648 http fetch GET 200 https://registry.npmjs.org/shebang-regex/-/shebang-regex-3.0.0.tgz 88ms (cache miss)
649 http fetch GET 200 https://registry.npmjs.org/concat-map/-/concat-map-0.0.1.tgz 88ms (cache miss)
650 http fetch GET 200 https://registry.npmjs.org/strip-ansi/-/strip-ansi-7.1.2.tgz 88ms (cache miss)
651 http fetch GET 200 https://registry.npmjs.org/rc/-/rc-1.2.8.tgz 90ms (cache miss)
652 http fetch GET 200 https://registry.npmjs.org/balanced-match/-/balanced-match-1.0.2.tgz 93ms (cache miss)
653 http fetch GET 200 https://registry.npmjs.org/emoji-regex/-/emoji-regex-9.2.2.tgz 95ms (cache miss)
654 http fetch GET 200 https://registry.npmjs.org/range-parser/-/range-parser-1.2.0.tgz 102ms (cache miss)
655 http fetch GET 200 https://registry.npmjs.org/minimist/-/minimist-1.2.8.tgz 104ms (cache miss)
656 http fetch GET 200 https://registry.npmjs.org/minimatch/-/minimatch-3.1.2.tgz 115ms (cache miss)
657 http fetch GET 200 https://registry.npmjs.org/brace-expansion/-/brace-expansion-1.1.12.tgz 117ms (cache miss)
658 http fetch GET 200 https://registry.npmjs.org/path-to-regexp/-/path-to-regexp-3.3.0.tgz 117ms (cache miss)
659 http fetch GET 200 https://registry.npmjs.org/shebang-command/-/shebang-command-2.0.0.tgz 120ms (cache miss)
660 http fetch GET 200 https://registry.npmjs.org/path-is-inside/-/path-is-inside-1.0.2.tgz 122ms (cache miss)
661 http fetch GET 200 https://registry.npmjs.org/strip-final-newline/-/strip-final-newline-2.0.0.tgz 129ms (cache miss)
662 http fetch GET 200 https://registry.npmjs.org/registry-auth-token/-/registry-auth-token-3.3.2.tgz 132ms (cache miss)
663 http fetch GET 200 https://registry.npmjs.org/which/-/which-2.0.2.tgz 130ms (cache miss)
664 http fetch GET 200 https://registry.npmjs.org/path-key/-/path-key-3.1.1.tgz 131ms (cache miss)
665 http fetch GET 200 https://registry.npmjs.org/mime-types/-/mime-types-2.1.18.tgz 132ms (cache miss)
666 http fetch GET 200 https://registry.npmjs.org/signal-exit/-/signal-exit-3.0.7.tgz 131ms (cache miss)
667 http fetch GET 200 https://registry.npmjs.org/content-disposition/-/content-disposition-0.5.2.tgz 132ms (cache miss)
668 http fetch GET 200 https://registry.npmjs.org/onetime/-/onetime-5.1.2.tgz 137ms (cache miss)
669 http fetch GET 200 https://registry.npmjs.org/cross-spawn/-/cross-spawn-7.0.6.tgz 149ms (cache miss)
670 http fetch GET 200 https://registry.npmjs.org/mimic-fn/-/mimic-fn-2.1.0.tgz 150ms (cache miss)
671 http fetch GET 200 https://registry.npmjs.org/npm-run-path/-/npm-run-path-4.0.1.tgz 151ms (cache miss)
672 http fetch GET 200 https://registry.npmjs.org/merge-stream/-/merge-stream-2.0.0.tgz 152ms (cache miss)
673 http fetch GET 200 https://registry.npmjs.org/mime-db/-/mime-db-1.54.0.tgz 153ms (cache miss)
674 http fetch GET 200 https://registry.npmjs.org/is-stream/-/is-stream-2.0.1.tgz 158ms (cache miss)
675 http fetch GET 200 https://registry.npmjs.org/on-headers/-/on-headers-1.1.0.tgz 156ms (cache miss)
676 http fetch GET 200 https://registry.npmjs.org/ms/-/ms-2.0.0.tgz 158ms (cache miss)
677 http fetch GET 200 https://registry.npmjs.org/safe-buffer/-/safe-buffer-5.2.1.tgz 157ms (cache miss)
678 http fetch GET 200 https://registry.npmjs.org/is-docker/-/is-docker-2.2.1.tgz 160ms (cache miss)
679 http fetch GET 200 https://registry.npmjs.org/get-stream/-/get-stream-6.0.1.tgz 159ms (cache miss)
680 http fetch GET 200 https://registry.npmjs.org/vary/-/vary-1.1.2.tgz 158ms (cache miss)
681 http fetch GET 200 https://registry.npmjs.org/human-signals/-/human-signals-2.1.0.tgz 172ms (cache miss)
682 http fetch GET 200 https://registry.npmjs.org/compressible/-/compressible-2.0.18.tgz 179ms (cache miss)
683 http fetch GET 200 https://registry.npmjs.org/negotiator/-/negotiator-0.6.4.tgz 179ms (cache miss)
684 http fetch GET 200 https://registry.npmjs.org/arch/-/arch-2.2.0.tgz 185ms (cache miss)
685 http fetch GET 200 https://registry.npmjs.org/cli-boxes/-/cli-boxes-3.0.0.tgz 190ms (cache miss)
686 http fetch GET 200 https://registry.npmjs.org/bytes/-/bytes-3.1.2.tgz 191ms (cache miss)
687 http fetch GET 200 https://registry.npmjs.org/is-fullwidth-code-point/-/is-fullwidth-code-point-3.0.0.tgz 191ms (cache miss)
688 http fetch GET 200 https://registry.npmjs.org/is-wsl/-/is-wsl-2.2.0.tgz 191ms (cache miss)
689 http fetch GET 200 https://registry.npmjs.org/type-fest/-/type-fest-2.19.0.tgz 192ms (cache miss)
690 http fetch GET 200 https://registry.npmjs.org/widest-line/-/widest-line-4.0.1.tgz 198ms (cache miss)
691 http fetch GET 200 https://registry.npmjs.org/ansi-align/-/ansi-align-3.0.1.tgz 201ms (cache miss)
692 http fetch GET 200 https://registry.npmjs.org/debug/-/debug-2.6.9.tgz 204ms (cache miss)
693 http fetch GET 200 https://registry.npmjs.org/camelcase/-/camelcase-7.0.1.tgz 205ms (cache miss)
694 http fetch GET 200 https://registry.npmjs.org/require-from-string/-/require-from-string-2.0.2.tgz 203ms (cache miss)
695 http fetch GET 200 https://registry.npmjs.org/json-schema-traverse/-/json-schema-traverse-1.0.0.tgz 206ms (cache miss)
696 http fetch GET 200 https://registry.npmjs.org/uri-js/-/uri-js-4.4.1.tgz 210ms (cache miss)
697 http fetch GET 200 https://registry.npmjs.org/fast-deep-equal/-/fast-deep-equal-3.1.3.tgz 210ms (cache miss)
698 http fetch GET 200 https://registry.npmjs.org/compression/-/compression-1.8.1.tgz 212ms (cache miss)
699 http fetch GET 200 https://registry.npmjs.org/serve-handler/-/serve-handler-6.1.6.tgz 212ms (cache miss)
700 http fetch GET 200 https://registry.npmjs.org/is-port-reachable/-/is-port-reachable-4.0.0.tgz 212ms (cache miss)
701 http fetch GET 200 https://registry.npmjs.org/execa/-/execa-5.1.1.tgz 226ms (cache miss)
702 http fetch GET 200 https://registry.npmjs.org/update-check/-/update-check-1.5.4.tgz 228ms (cache miss)
703 http fetch GET 200 https://registry.npmjs.org/string-width/-/string-width-5.1.2.tgz 231ms (cache miss)
704 http fetch GET 200 https://registry.npmjs.org/wrap-ansi/-/wrap-ansi-8.1.0.tgz 231ms (cache miss)
705 http fetch GET 200 https://registry.npmjs.org/serve/-/serve-14.2.5.tgz 237ms (cache miss)
706 http fetch GET 200 https://registry.npmjs.org/arg/-/arg-5.0.2.tgz 240ms (cache miss)
707 http fetch GET 200 https://registry.npmjs.org/chalk/-/chalk-5.0.1.tgz 246ms (cache miss)
708 http fetch GET 200 https://registry.npmjs.org/emoji-regex/-/emoji-regex-8.0.0.tgz 248ms (cache miss)
709 http fetch GET 200 https://registry.npmjs.org/ansi-regex/-/ansi-regex-5.0.1.tgz 248ms (cache miss)
710 http fetch GET 200 https://registry.npmjs.org/clipboardy/-/clipboardy-3.0.0.tgz 249ms (cache miss)
711 http fetch GET 200 https://registry.npmjs.org/mime-db/-/mime-db-1.33.0.tgz 252ms (cache miss)
712 http fetch GET 200 https://registry.npmjs.org/strip-ansi/-/strip-ansi-6.0.1.tgz 256ms (cache miss)
713 http fetch GET 200 https://registry.npmjs.org/chalk-template/-/chalk-template-0.4.0.tgz 262ms (cache miss)
714 http fetch GET 200 https://registry.npmjs.org/boxen/-/boxen-7.0.0.tgz 262ms (cache miss)
715 http fetch GET 200 https://registry.npmjs.org/string-width/-/string-width-4.2.3.tgz 269ms (cache miss)
716 http fetch GET 200 https://registry.npmjs.org/bytes/-/bytes-3.0.0.tgz 274ms (cache miss)
717 http fetch GET 200 https://registry.npmjs.org/ansi-styles/-/ansi-styles-4.3.0.tgz 274ms (cache miss)
718 http fetch GET 200 https://registry.npmjs.org/chalk/-/chalk-4.1.2.tgz 278ms (cache miss)
719 http fetch GET 200 https://registry.npmjs.org/ajv/-/ajv-8.12.0.tgz 293ms (cache miss)
720 http fetch POST 200 https://registry.npmjs.org/-/npm/v1/security/advisories/bulk 326ms
721 silly audit report {}
722 http fetch GET 200 https://registry.npmjs.org/@zeit/schemas/-/schemas-2.36.0.tgz 559ms (cache miss)
723 verbose cwd /Users/mr.dzh/Documents/RAT/dashboard
724 verbose os Darwin 24.5.0
725 verbose node v22.17.0
726 verbose npm  v11.6.2
727 verbose exit 0
728 info ok
